<?xml version="1.0" encoding="UTF-8"?>
<testng-results skipped="0" failed="0" ignored="0" total="1" passed="1">
  <reporter-output>
  </reporter-output>
  <suite name="Suite" duration-ms="71304" started-at="2020-08-30T13:49:04 IST" finished-at="2020-08-30T13:50:16 IST">
    <groups>
    </groups>
    <test name="Test" duration-ms="71304" started-at="2020-08-30T13:49:04 IST" finished-at="2020-08-30T13:50:16 IST">
      <class name="testCases.ApplyLeave">
        <test-method status="PASS" signature="startReport()[pri:0, instance:testCases.ApplyLeave@184f6be2]" name="startReport" is-config="true" duration-ms="863" started-at="2020-08-30T13:49:03 IST" finished-at="2020-08-30T13:49:04 IST">
          <reporter-output>
          </reporter-output>
        </test-method> <!-- startReport -->
        <test-method status="PASS" signature="getData()[pri:0, instance:testCases.ApplyLeave@184f6be2]" name="getData" is-config="true" duration-ms="2" started-at="2020-08-30T13:49:04 IST" finished-at="2020-08-30T13:49:04 IST">
          <reporter-output>
          </reporter-output>
        </test-method> <!-- getData -->
        <test-method status="PASS" signature="reportTest()[pri:0, instance:testCases.ApplyLeave@184f6be2]" name="reportTest" is-config="true" duration-ms="9" started-at="2020-08-30T13:49:04 IST" finished-at="2020-08-30T13:49:04 IST">
          <reporter-output>
          </reporter-output>
        </test-method> <!-- reportTest -->
        <test-method status="PASS" signature="startApplication(java.lang.String)[pri:0, instance:testCases.ApplyLeave@184f6be2]" name="startApplication" is-config="true" duration-ms="33559" started-at="2020-08-30T13:49:04 IST" finished-at="2020-08-30T13:49:38 IST">
          <params>
            <param index="0">
              <value>
                <![CDATA[https://opensource-demo.orangehrmlive.com/index.php/auth/login]]>
              </value>
            </param>
          </params>
          <reporter-output>
          </reporter-output>
        </test-method> <!-- startApplication -->
        <test-method status="PASS" signature="applyLeave()[pri:0, instance:testCases.ApplyLeave@184f6be2]" name="applyLeave" duration-ms="33939" started-at="2020-08-30T13:49:38 IST" finished-at="2020-08-30T13:50:12 IST">
          <reporter-output>
          </reporter-output>
        </test-method> <!-- applyLeave -->
        <test-method status="PASS" signature="stopApplication()[pri:0, instance:testCases.ApplyLeave@184f6be2]" name="stopApplication" is-config="true" duration-ms="3738" started-at="2020-08-30T13:50:12 IST" finished-at="2020-08-30T13:50:16 IST">
          <reporter-output>
          </reporter-output>
        </test-method> <!-- stopApplication -->
        <test-method status="PASS" signature="stopReport()[pri:0, instance:testCases.ApplyLeave@184f6be2]" name="stopReport" is-config="true" duration-ms="592" started-at="2020-08-30T13:50:16 IST" finished-at="2020-08-30T13:50:16 IST">
          <reporter-output>
          </reporter-output>
        </test-method> <!-- stopReport -->
      </class> <!-- testCases.ApplyLeave -->
    </test> <!-- Test -->
  </suite> <!-- Suite -->
</testng-results>
